  Sms.cpp
  Provider.cpp
c:\users\lucas\documents\visual studio 2015\projects\cpp 2017\sms-dienst\mobiel.h(33): error C2079: 'Mobiel::bericht' uses undefined class 'Sms'
c:\users\lucas\documents\visual studio 2015\projects\cpp 2017\sms-dienst\provider.cpp(14): warning C4018: '<': signed/unsigned mismatch
  Mobiel.cpp
c:\users\lucas\documents\visual studio 2015\projects\cpp 2017\sms-dienst\mobiel.h(33): error C2079: 'Mobiel::bericht' uses undefined class 'Sms'
c:\users\lucas\documents\visual studio 2015\projects\cpp 2017\sms-dienst\mobiel.cpp(12): error C2440: 'initializing': cannot convert from 'initializer list' to 'int'
  c:\users\lucas\documents\visual studio 2015\projects\cpp 2017\sms-dienst\mobiel.cpp(12): note: The initializer contains too many elements
c:\users\lucas\documents\visual studio 2015\projects\cpp 2017\sms-dienst\mobiel.cpp(12): error C2439: 'Mobiel::bericht': member could not be initialized
  c:\users\lucas\documents\visual studio 2015\projects\cpp 2017\sms-dienst\mobiel.h(33): note: see declaration of 'Mobiel::bericht'
c:\users\lucas\documents\visual studio 2015\projects\cpp 2017\sms-dienst\mobiel.cpp(22): error C2440: '=': cannot convert from 'const Sms' to 'int'
  c:\users\lucas\documents\visual studio 2015\projects\cpp 2017\sms-dienst\mobiel.cpp(22): note: No user-defined-conversion operator available that can perform this conversion, or the operator cannot be called
c:\users\lucas\documents\visual studio 2015\projects\cpp 2017\sms-dienst\mobiel.cpp(23): error C2664: 'void Mobiel::addBericht(Sms)': cannot convert argument 1 from 'int' to 'Sms'
  c:\users\lucas\documents\visual studio 2015\projects\cpp 2017\sms-dienst\mobiel.cpp(23): note: No constructor could take the source type, or constructor overload resolution was ambiguous
c:\users\lucas\documents\visual studio 2015\projects\cpp 2017\sms-dienst\mobiel.cpp(27): error C2228: left of '.setVan' must have class/struct/union
  c:\users\lucas\documents\visual studio 2015\projects\cpp 2017\sms-dienst\mobiel.cpp(27): note: type is 'int'
c:\users\lucas\documents\visual studio 2015\projects\cpp 2017\sms-dienst\mobiel.cpp(28): error C2228: left of '.setNaar' must have class/struct/union
  c:\users\lucas\documents\visual studio 2015\projects\cpp 2017\sms-dienst\mobiel.cpp(28): note: type is 'int'
c:\users\lucas\documents\visual studio 2015\projects\cpp 2017\sms-dienst\mobiel.cpp(29): error C2228: left of '.setTekst' must have class/struct/union
  c:\users\lucas\documents\visual studio 2015\projects\cpp 2017\sms-dienst\mobiel.cpp(29): note: type is 'int'
c:\users\lucas\documents\visual studio 2015\projects\cpp 2017\sms-dienst\mobiel.cpp(33): error C2228: left of '.setVan' must have class/struct/union
  c:\users\lucas\documents\visual studio 2015\projects\cpp 2017\sms-dienst\mobiel.cpp(33): note: type is 'int'
c:\users\lucas\documents\visual studio 2015\projects\cpp 2017\sms-dienst\mobiel.cpp(35): error C2228: left of '.setNaar' must have class/struct/union
  c:\users\lucas\documents\visual studio 2015\projects\cpp 2017\sms-dienst\mobiel.cpp(35): note: type is 'int'
c:\users\lucas\documents\visual studio 2015\projects\cpp 2017\sms-dienst\mobiel.cpp(37): error C2228: left of '.setTekst' must have class/struct/union
  c:\users\lucas\documents\visual studio 2015\projects\cpp 2017\sms-dienst\mobiel.cpp(37): note: type is 'int'
c:\users\lucas\documents\visual studio 2015\projects\cpp 2017\sms-dienst\mobiel.cpp(45): warning C4018: '<': signed/unsigned mismatch
c:\users\lucas\documents\visual studio 2015\projects\cpp 2017\sms-dienst\mobiel.cpp(114): error C2440: '=': cannot convert from 'const Sms' to 'int'
  c:\users\lucas\documents\visual studio 2015\projects\cpp 2017\sms-dienst\mobiel.cpp(114): note: No user-defined-conversion operator available that can perform this conversion, or the operator cannot be called
c:\users\lucas\documents\visual studio 2015\projects\cpp 2017\sms-dienst\mobiel.cpp(118): error C2440: 'return': cannot convert from 'int' to 'Sms'
  c:\users\lucas\documents\visual studio 2015\projects\cpp 2017\sms-dienst\mobiel.cpp(118): note: No constructor could take the source type, or constructor overload resolution was ambiguous
c:\users\lucas\documents\visual studio 2015\projects\cpp 2017\sms-dienst\mobiel.cpp(134): warning C4018: '<': signed/unsigned mismatch
c:\users\lucas\documents\visual studio 2015\projects\cpp 2017\sms-dienst\mobiel.cpp(159): warning C4018: '<': signed/unsigned mismatch
  Main.cpp
c:\users\lucas\documents\visual studio 2015\projects\cpp 2017\sms-dienst\mobiel.h(33): error C2079: 'Mobiel::bericht' uses undefined class 'Sms'
  Generating Code...
