c:\users\justi\source\repos\cpp-2017\provider.cpp\sms-dienst\debug\vc140.pdb
c:\users\justi\source\repos\cpp-2017\provider.cpp\sms-dienst\debug\vc140.idb
c:\users\justi\source\repos\cpp-2017\provider.cpp\sms-dienst\debug\provider.obj
c:\users\justi\source\repos\cpp-2017\provider.cpp\sms-dienst\debug\sms.obj
c:\users\justi\source\repos\cpp-2017\provider.cpp\sms-dienst\debug\main.obj
c:\users\justi\source\repos\cpp-2017\provider.cpp\sms-dienst\debug\mobiel.obj
c:\users\lucas\documents\visual studio 2015\projects\cpp 2017\sms-dienst\debug\vc140.pdb
c:\users\lucas\documents\visual studio 2015\projects\cpp 2017\sms-dienst\debug\vc140.idb
c:\users\lucas\documents\visual studio 2015\projects\cpp 2017\sms-dienst\debug\sms.obj
c:\users\justi\documents\visual studio 2015\projects\cpp-2017\sms-dienst\debug\vc140.pdb
c:\users\justi\documents\visual studio 2015\projects\cpp-2017\sms-dienst\debug\vc140.idb
c:\users\justi\documents\visual studio 2015\projects\cpp-2017\sms-dienst\debug\sms.obj
c:\users\justi\documents\visual studio 2015\projects\cpp-2017\sms-dienst\debug\main.obj
c:\users\justi\documents\visual studio 2015\projects\cpp-2017\sms-dienst\debug\mobiel.obj
c:\users\justi\documents\visual studio 2015\projects\cpp-2017\sms-dienst\debug\provider.obj
c:\users\justi\source\repos\cpp-2017\provider.cpp\debug\sms-dienst.ilk
c:\users\justi\source\repos\cpp-2017\provider.cpp\debug\sms-dienst.exe
c:\users\justi\source\repos\cpp-2017\provider.cpp\debug\sms-dienst.pdb
c:\users\justi\documents\visual studio 2015\projects\cpp-2017\debug\sms-dienst.ilk
c:\users\justi\documents\visual studio 2015\projects\cpp-2017\debug\sms-dienst.exe
c:\users\justi\documents\visual studio 2015\projects\cpp-2017\debug\sms-dienst.pdb
c:\users\justi\documents\visual studio 2015\projects\cpp-2017\sms-dienst\debug\sms-dienst.tlog\cl.command.1.tlog
c:\users\justi\documents\visual studio 2015\projects\cpp-2017\sms-dienst\debug\sms-dienst.tlog\cl.read.1.tlog
c:\users\justi\documents\visual studio 2015\projects\cpp-2017\sms-dienst\debug\sms-dienst.tlog\cl.write.1.tlog
c:\users\justi\documents\visual studio 2015\projects\cpp-2017\sms-dienst\debug\sms-dienst.tlog\link.command.1.tlog
c:\users\justi\documents\visual studio 2015\projects\cpp-2017\sms-dienst\debug\sms-dienst.tlog\link.read.1.tlog
c:\users\justi\documents\visual studio 2015\projects\cpp-2017\sms-dienst\debug\sms-dienst.tlog\link.write.1.tlog
